[debug] [2023-03-12T17:51:49.517Z] ----------------------------------------------------------------------
[debug] [2023-03-12T17:51:49.518Z] Command:       /usr/bin/node /usr/local/bin/firebase init
[debug] [2023-03-12T17:51:49.518Z] CLI Version:   11.24.1
[debug] [2023-03-12T17:51:49.518Z] Platform:      linux
[debug] [2023-03-12T17:51:49.518Z] Node Version:  v18.13.0
[debug] [2023-03-12T17:51:49.518Z] Time:          Sun Mar 12 2023 17:51:49 GMT+0000 (Greenwich Mean Time)
[debug] [2023-03-12T17:51:49.519Z] ----------------------------------------------------------------------
[debug] 
[debug] [2023-03-12T17:51:49.524Z] > command requires scopes: ["email","openid","https://www.googleapis.com/auth/cloudplatformprojects.readonly","https://www.googleapis.com/auth/firebase","https://www.googleapis.com/auth/cloud-platform"]
[debug] [2023-03-12T17:51:49.524Z] > authorizing via signed-in user (haidermadad70@gmail.com)
[info] 
     ######## #### ########  ######## ########     ###     ######  ########
     ##        ##  ##     ## ##       ##     ##  ##   ##  ##       ##
     ######    ##  ########  ######   ########  #########  ######  ######
     ##        ##  ##    ##  ##       ##     ## ##     ##       ## ##
     ##       #### ##     ## ######## ########  ##     ##  ######  ########

You're about to initialize a Firebase project in this directory:

  /home/thr33/Downloads/Parkie/Core/routes/CustDev/Login

[info] 
=== Project Setup
[info] 
[info] First, let's associate this project directory with a Firebase project.
[info] You can create multiple project aliases by running firebase use --add, 
[info] but for now we'll just set up a default project.
[info] 
[debug] [2023-03-12T17:52:36.798Z] >>> [apiv2][query] GET https://firebase.googleapis.com/v1beta1/projects pageSize=100
[debug] [2023-03-12T17:52:37.353Z] <<< [apiv2][status] GET https://firebase.googleapis.com/v1beta1/projects 200
[debug] [2023-03-12T17:52:37.353Z] <<< [apiv2][body] GET https://firebase.googleapis.com/v1beta1/projects [omitted]
[info] i  Using project parkie572 (Parkie) 
[info] 
=== Database Setup
[info] i  database: ensuring required API firebasedatabase.googleapis.com is enabled... 
[debug] [2023-03-12T17:52:40.839Z] >>> [apiv2][query] GET https://serviceusage.googleapis.com/v1/projects/parkie572/services/firebasedatabase.googleapis.com [none]
[debug] [2023-03-12T17:52:40.839Z] >>> [apiv2][(partial)header] GET https://serviceusage.googleapis.com/v1/projects/parkie572/services/firebasedatabase.googleapis.com x-goog-quota-user=projects/parkie572
[debug] [2023-03-12T17:52:41.649Z] <<< [apiv2][status] GET https://serviceusage.googleapis.com/v1/projects/parkie572/services/firebasedatabase.googleapis.com 200
[debug] [2023-03-12T17:52:41.649Z] <<< [apiv2][body] GET https://serviceusage.googleapis.com/v1/projects/parkie572/services/firebasedatabase.googleapis.com [omitted]
[warn] ⚠  database: missing required API firebasedatabase.googleapis.com. Enabling now... 
[debug] [2023-03-12T17:52:41.650Z] >>> [apiv2][query] POST https://serviceusage.googleapis.com/v1/projects/parkie572/services/firebasedatabase.googleapis.com:enable [none]
[debug] [2023-03-12T17:52:41.650Z] >>> [apiv2][(partial)header] POST https://serviceusage.googleapis.com/v1/projects/parkie572/services/firebasedatabase.googleapis.com:enable x-goog-quota-user=projects/parkie572
[debug] [2023-03-12T17:52:43.089Z] <<< [apiv2][status] POST https://serviceusage.googleapis.com/v1/projects/parkie572/services/firebasedatabase.googleapis.com:enable 200
[debug] [2023-03-12T17:52:43.089Z] <<< [apiv2][body] POST https://serviceusage.googleapis.com/v1/projects/parkie572/services/firebasedatabase.googleapis.com:enable [omitted]
[debug] [2023-03-12T17:52:53.099Z] >>> [apiv2][query] GET https://serviceusage.googleapis.com/v1/projects/parkie572/services/firebasedatabase.googleapis.com [none]
[debug] [2023-03-12T17:52:53.099Z] >>> [apiv2][(partial)header] GET https://serviceusage.googleapis.com/v1/projects/parkie572/services/firebasedatabase.googleapis.com x-goog-quota-user=projects/parkie572
[debug] [2023-03-12T17:52:53.840Z] <<< [apiv2][status] GET https://serviceusage.googleapis.com/v1/projects/parkie572/services/firebasedatabase.googleapis.com 200
[debug] [2023-03-12T17:52:53.841Z] <<< [apiv2][body] GET https://serviceusage.googleapis.com/v1/projects/parkie572/services/firebasedatabase.googleapis.com [omitted]
[info] ✔  database: required API firebasedatabase.googleapis.com is enabled 
[info] 
[debug] [2023-03-12T17:52:53.843Z] >>> [apiv2][query] GET https://firebase.googleapis.com/v1beta1/projects/parkie572 [none]
[debug] [2023-03-12T17:52:54.039Z] <<< [apiv2][status] GET https://firebase.googleapis.com/v1beta1/projects/parkie572 200
[debug] [2023-03-12T17:52:54.039Z] <<< [apiv2][body] GET https://firebase.googleapis.com/v1beta1/projects/parkie572 {"projectId":"parkie572","projectNumber":"840311623256","displayName":"Parkie","name":"projects/parkie572","resources":{"hostingSite":"parkie572"},"state":"ACTIVE","etag":"1_2405adb6-d023-4241-adcf-067369285661"}
[debug] [2023-03-12T17:53:09.408Z] >>> [apiv2][query] POST https://firebasedatabase.googleapis.com/v1beta/projects/parkie572/locations/europe-west1/instances databaseId=parkie572-default-rtdb&validateOnly=true
[debug] [2023-03-12T17:53:09.408Z] >>> [apiv2][body] POST https://firebasedatabase.googleapis.com/v1beta/projects/parkie572/locations/europe-west1/instances {"type":"default_database"}
[debug] [2023-03-12T17:53:09.973Z] <<< [apiv2][status] POST https://firebasedatabase.googleapis.com/v1beta/projects/parkie572/locations/europe-west1/instances 200
[debug] [2023-03-12T17:53:09.974Z] <<< [apiv2][body] POST https://firebasedatabase.googleapis.com/v1beta/projects/parkie572/locations/europe-west1/instances {"name":"projects/840311623256/locations/europe-west1/instances/parkie572-default-rtdb","project":"projects/840311623256","databaseUrl":"https://parkie572-default-rtdb.europe-west1.firebasedatabase.app","type":"DEFAULT_DATABASE","state":"ACTIVE"}
[debug] [2023-03-12T17:53:09.976Z] >>> [apiv2][query] POST https://firebasedatabase.googleapis.com/v1beta/projects/parkie572/locations/europe-west1/instances databaseId=parkie572-default-rtdb
[debug] [2023-03-12T17:53:09.976Z] >>> [apiv2][body] POST https://firebasedatabase.googleapis.com/v1beta/projects/parkie572/locations/europe-west1/instances {"type":"default_database"}
[debug] [2023-03-12T17:53:10.823Z] <<< [apiv2][status] POST https://firebasedatabase.googleapis.com/v1beta/projects/parkie572/locations/europe-west1/instances 200
[debug] [2023-03-12T17:53:10.824Z] <<< [apiv2][body] POST https://firebasedatabase.googleapis.com/v1beta/projects/parkie572/locations/europe-west1/instances {"name":"projects/840311623256/locations/europe-west1/instances/parkie572-default-rtdb","project":"projects/840311623256","databaseUrl":"https://parkie572-default-rtdb.europe-west1.firebasedatabase.app","type":"DEFAULT_DATABASE","state":"ACTIVE"}
[info] 
[info] Firebase Realtime Database Security Rules allow you to define how your data should be
[info] structured and when your data can be read from and written to.
[info] 
[debug] [2023-03-12T17:53:13.384Z] >>> [apiv2][query] GET https://parkie572-default-rtdb.europe-west1.firebasedatabase.app/.settings/rules.json [none]
[debug] [2023-03-12T17:53:14.440Z] <<< [apiv2][status] GET https://parkie572-default-rtdb.europe-west1.firebasedatabase.app/.settings/rules.json 200
[debug] [2023-03-12T17:53:14.440Z] <<< [apiv2][body] GET https://parkie572-default-rtdb.europe-west1.firebasedatabase.app/.settings/rules.json [stream]
[info] ✔  Database Rules for parkie572-default-rtdb have been written to database.rules.json. 
[info] Future modifications to database.rules.json will update Realtime Database Security Rules when you run
[info] firebase deploy.
[info] 
=== Functions Setup
[debug] [2023-03-12T17:53:14.442Z] > command requires scopes: ["email","openid","https://www.googleapis.com/auth/cloudplatformprojects.readonly","https://www.googleapis.com/auth/firebase","https://www.googleapis.com/auth/cloud-platform"]
[debug] [2023-03-12T17:53:14.443Z] > authorizing via signed-in user (haidermadad70@gmail.com)
[debug] [2023-03-12T17:53:14.443Z] [iam] checking project parkie572 for permissions ["firebase.projects.get"]
[debug] [2023-03-12T17:53:14.443Z] >>> [apiv2][query] POST https://cloudresourcemanager.googleapis.com/v1/projects/parkie572:testIamPermissions [none]
[debug] [2023-03-12T17:53:14.443Z] >>> [apiv2][(partial)header] POST https://cloudresourcemanager.googleapis.com/v1/projects/parkie572:testIamPermissions x-goog-quota-user=projects/parkie572
[debug] [2023-03-12T17:53:14.443Z] >>> [apiv2][body] POST https://cloudresourcemanager.googleapis.com/v1/projects/parkie572:testIamPermissions {"permissions":["firebase.projects.get"]}
[debug] [2023-03-12T17:53:15.059Z] <<< [apiv2][status] POST https://cloudresourcemanager.googleapis.com/v1/projects/parkie572:testIamPermissions 200
[debug] [2023-03-12T17:53:15.059Z] <<< [apiv2][body] POST https://cloudresourcemanager.googleapis.com/v1/projects/parkie572:testIamPermissions {"permissions":["firebase.projects.get"]}
[debug] [2023-03-12T17:53:15.060Z] >>> [apiv2][query] GET https://serviceusage.googleapis.com/v1/projects/parkie572/services/cloudfunctions.googleapis.com [none]
[debug] [2023-03-12T17:53:15.060Z] >>> [apiv2][(partial)header] GET https://serviceusage.googleapis.com/v1/projects/parkie572/services/cloudfunctions.googleapis.com x-goog-quota-user=projects/parkie572
[debug] [2023-03-12T17:53:15.064Z] >>> [apiv2][query] GET https://serviceusage.googleapis.com/v1/projects/parkie572/services/runtimeconfig.googleapis.com [none]
[debug] [2023-03-12T17:53:15.064Z] >>> [apiv2][(partial)header] GET https://serviceusage.googleapis.com/v1/projects/parkie572/services/runtimeconfig.googleapis.com x-goog-quota-user=projects/parkie572
[debug] [2023-03-12T17:53:15.823Z] <<< [apiv2][status] GET https://serviceusage.googleapis.com/v1/projects/parkie572/services/runtimeconfig.googleapis.com 200
[debug] [2023-03-12T17:53:15.823Z] <<< [apiv2][body] GET https://serviceusage.googleapis.com/v1/projects/parkie572/services/runtimeconfig.googleapis.com [omitted]
[debug] [2023-03-12T17:53:15.826Z] <<< [apiv2][status] GET https://serviceusage.googleapis.com/v1/projects/parkie572/services/cloudfunctions.googleapis.com 200
[debug] [2023-03-12T17:53:15.826Z] <<< [apiv2][body] GET https://serviceusage.googleapis.com/v1/projects/parkie572/services/cloudfunctions.googleapis.com [omitted]
[debug] [2023-03-12T17:53:15.827Z] >>> [apiv2][query] POST https://serviceusage.googleapis.com/v1/projects/parkie572/services/cloudfunctions.googleapis.com:enable [none]
[debug] [2023-03-12T17:53:15.827Z] >>> [apiv2][(partial)header] POST https://serviceusage.googleapis.com/v1/projects/parkie572/services/cloudfunctions.googleapis.com:enable x-goog-quota-user=projects/parkie572
[debug] [2023-03-12T17:53:17.167Z] <<< [apiv2][status] POST https://serviceusage.googleapis.com/v1/projects/parkie572/services/cloudfunctions.googleapis.com:enable 200
[debug] [2023-03-12T17:53:17.168Z] <<< [apiv2][body] POST https://serviceusage.googleapis.com/v1/projects/parkie572/services/cloudfunctions.googleapis.com:enable [omitted]
[debug] [2023-03-12T17:53:27.178Z] >>> [apiv2][query] GET https://serviceusage.googleapis.com/v1/projects/parkie572/services/cloudfunctions.googleapis.com [none]
[debug] [2023-03-12T17:53:27.178Z] >>> [apiv2][(partial)header] GET https://serviceusage.googleapis.com/v1/projects/parkie572/services/cloudfunctions.googleapis.com x-goog-quota-user=projects/parkie572
[debug] [2023-03-12T17:53:27.936Z] <<< [apiv2][status] GET https://serviceusage.googleapis.com/v1/projects/parkie572/services/cloudfunctions.googleapis.com 200
[debug] [2023-03-12T17:53:27.937Z] <<< [apiv2][body] GET https://serviceusage.googleapis.com/v1/projects/parkie572/services/cloudfunctions.googleapis.com [omitted]
[info] Let's create a new codebase for your functions.
[info] A directory corresponding to the codebase will be created in your project
[info] with sample code pre-configured.

[info] See https://firebase.google.com/docs/functions/organize-functions for
[info] more information on organizing your functions using codebases.

[info] Functions can be deployed with firebase deploy.

[info] ✔  Wrote functions/package.json 
[info] ✔  Wrote functions/.eslintrc.js 
[info] ✔  Wrote functions/index.js 
[info] ✔  Wrote functions/.gitignore 
